MyMapApp/app/build/outputs/mapping/release/seeds.txt
com.example.mapapp.data.model.DirectionMetadata$Companion
com.example.mapapp.data.model.BusRoute
com.example.mapapp.data.model.TripTimes$Companion
com.example.mapapp.data.model.Stop
com.example.mapapp.data.model.DirectionMetadata
com.example.mapapp.data.model.StopScheduleItem
com.example.mapapp.data.model.RouteMetadata$Companion
com.example.mapapp.data.model.RouteParcoursData
com.example.mapapp.data.model.StopScheduleItem$$serializer
com.example.mapapp.data.model.StopScheduleItem$Companion
com.example.mapapp.data.model.RouteParcoursData$Companion
com.example.mapapp.data.model.TripTimes$$serializer
com.example.mapapp.data.model.BusStop
com.example.mapapp.data.model.Stop$$serializer
com.example.mapapp.MainActivity
com.example.mapapp.data.model.Stop$Companion
com.example.mapapp.data.model.RouteMetadata$$serializer
com.example.mapapp.data.model.RouteMetadata
com.example.mapapp.data.model.RouteParcoursData$$serializer
com.example.mapapp.data.model.DirectionMetadata$$serializer
com.example.mapapp.data.model.TripTimes
com.example.mapapp.data.model.RouteParcoursData: java.util.List stops
com.example.mapapp.data.model.StopScheduleItem$$serializer: kotlinx.serialization.internal.PluginGeneratedSerialDescriptor descriptor
com.example.mapapp.data.model.RouteMetadata$$serializer: com.example.mapapp.data.model.RouteMetadata$$serializer INSTANCE
com.example.mapapp.data.model.RouteMetadata: java.lang.String couleur
com.example.mapapp.data.model.RouteParcoursData$$serializer: com.example.mapapp.data.model.RouteParcoursData$$serializer INSTANCE
com.example.mapapp.data.model.DirectionMetadata$$serializer: kotlinx.serialization.internal.PluginGeneratedSerialDescriptor descriptor
com.example.mapapp.data.model.TripTimes: com.example.mapapp.data.model.TripTimes$Companion Companion
com.example.mapapp.data.model.StopScheduleItem: java.lang.String time
com.example.mapapp.data.model.RouteMetadata$$serializer: kotlinx.serialization.internal.PluginGeneratedSerialDescriptor descriptor
com.example.mapapp.data.model.Stop: double lon
com.example.mapapp.data.model.RouteParcoursData: com.example.mapapp.data.model.RouteParcoursData$Companion Companion
com.example.mapapp.data.model.RouteMetadata: java.util.Map directions
com.example.mapapp.data.model.DirectionMetadata$$serializer: com.example.mapapp.data.model.DirectionMetadata$$serializer INSTANCE
com.example.mapapp.data.model.StopScheduleItem: java.lang.String headsign
com.example.mapapp.data.model.BusStop: java.lang.String name
com.example.mapapp.data.model.Stop: java.lang.String name
com.example.mapapp.data.model.Stop$$serializer: com.example.mapapp.data.model.Stop$$serializer INSTANCE
com.example.mapapp.data.model.BusStop: java.lang.String id
com.example.mapapp.data.model.Stop: com.example.mapapp.data.model.Stop$Companion Companion
com.example.mapapp.data.model.Stop$$serializer: kotlinx.serialization.internal.PluginGeneratedSerialDescriptor descriptor
com.example.mapapp.data.model.StopScheduleItem: com.example.mapapp.data.model.StopScheduleItem$Companion Companion
com.example.mapapp.data.model.BusRoute: java.util.Map directions
com.example.mapapp.data.model.StopScheduleItem: java.lang.String serviceId
com.example.mapapp.data.model.DirectionMetadata: kotlinx.serialization.KSerializer[] $childSerializers
com.example.mapapp.data.model.DirectionMetadata: java.lang.String destination
com.example.mapapp.data.model.RouteMetadata: com.example.mapapp.data.model.RouteMetadata$Companion Companion
com.example.mapapp.data.model.RouteMetadata: kotlinx.serialization.KSerializer[] $childSerializers
com.example.mapapp.data.model.BusRoute: java.lang.String color
com.example.mapapp.data.model.BusStop: double lon
com.example.mapapp.data.model.TripTimes: java.lang.String start
com.example.mapapp.data.model.Stop: double lat
com.example.mapapp.data.model.BusRoute: java.lang.String name
com.example.mapapp.data.model.BusRoute: java.util.List stopIds
com.example.mapapp.data.model.BusRoute: java.util.List geometry
...
kotlinx.serialization.descriptors.WrappedSerialDescriptor: boolean isNullable()
org.maplibre.android.location.LocationIndicatorLayer: void nativeSetBearingImageSizeTransition(long,long)
kotlinx.serialization.descriptors.WrappedSerialDescriptor: java.util.List getAnnotations()
org.maplibre.geojson.BaseCoordinatesTypeAdapter: void writePointList(com.google.gson.stream.JsonWriter,java.util.List)
org.maplibre.android.style.layers.CustomLayer: void finalize()
kotlin.reflect.jvm.internal.impl.builtins.PrimitiveType: kotlin.reflect.jvm.internal.impl.builtins.PrimitiveType[] values()
com.google.protobuf.WireFormat$JavaType: com.google.protobuf.WireFormat$JavaType[] values()
kotlinx.serialization.internal.EnumSerializer: void serialize(kotlinx.serialization.encoding.Encoder,java.lang.Object)
com.google.android.material.button.MaterialButtonToggleGroup: void setSingleSelection(boolean)
com.google.android.material.internal.NavigationMenuItemView: void setHorizontalPadding(int)
kotlinx.serialization.descriptors.ContextAwareKt: java.util.List getPolymorphicDescriptors(kotlinx.serialization.modules.SerializersModule,kotlinx.serialization.descriptors.SerialDescriptor)
kotlinx.serialization.json.internal.JsonTreeMapDecoder: void endStructure(kotlinx.serialization.descriptors.SerialDescriptor)
kotlinx.serialization.internal.BooleanArraySerializer: void readElement(kotlinx.serialization.encoding.CompositeDecoder,int,kotlinx.serialization.internal.PrimitiveArrayBuilder,boolean)
kotlinx.serialization.internal.LongArraySerializer: long[] empty()
kotlinx.serialization.builtins.LongAsStringSerializer: java.lang.Long deserialize(kotlinx.serialization.encoding.Decoder)
com.google.android.material.checkbox.MaterialCheckBox: android.content.res.ColorStateList getButtonIconTintList()
kotlinx.serialization.internal.NothingSerializer: kotlinx.serialization.descriptors.SerialDescriptor getDescriptor()
kotlinx.serialization.descriptors.ClassSerialDescriptorBuilder: java.util.List getElementAnnotations$kotlinx_serialization_core()
com.google.gson.JsonArray: java.lang.Number getAsNumber()
androidx.core.view.MenuItemCompat$Api26Impl: android.view.MenuItem setTooltipText(android.view.MenuItem,java.lang.CharSequence)
com.google.android.material.transformation.ExpandableTransformationBehavior: ExpandableTransformationBehavior(android.content.Context,android.util.AttributeSet)
kotlinx.serialization.json.internal.JsonElementMarker: boolean isUnmarkedNull$kotlinx_serialization_json()
androidx.appcompat.widget.SearchView: int getSuggestionRowLayout()
androidx.core.content.res.ResourcesCompat$Api23Impl: int getColor(android.content.res.Resources,int,android.content.res.Resources$Theme)
android.support.v4.app.RemoteActionCompatParcelizer: RemoteActionCompatParcelizer()
kotlinx.serialization.json.internal.AbstractJsonTreeDecoder: int decodeTaggedInt(java.lang.Object)
org.maplibre.geojson.GeometryCollection$GsonTypeAdapter: void write(com.google.gson.stream.JsonWriter,java.lang.Object)
org.maplibre.geojson.FeatureCollection: org.maplibre.geojson.FeatureCollection fromFeature(org.maplibre.geojson.Feature)
com.google.android.material.chip.Chip: android.content.res.ColorStateList getRippleColor()
org.maplibre.android.style.layers.SymbolLayer: java.lang.Object nativeGetTextOffset()
kotlinx.serialization.internal.UnitSerializer: java.lang.Object deserialize(kotlinx.serialization.encoding.Decoder)
kotlinx.serialization.json.JsonElementSerializer: kotlinx.serialization.descriptors.SerialDescriptor getDescriptor()
kotlinx.serialization.descriptors.PrimitiveKind$STRING: PrimitiveKind$STRING()
com.google.protobuf.WireFormat$JavaType: com.google.protobuf.WireFormat$JavaType valueOf(java.lang.String)
kotlinx.serialization.descriptors.PrimitiveKind$BYTE: PrimitiveKind$BYTE()
androidx.appcompat.widget.ActionMenuView: int getWindowAnimations()
com.google.android.material.floatingactionbutton.FloatingActionButton: void setTranslationX(float)