MyMapApp/app/build/outputs/mapping/release/usage.txt
com.example.mapapp.BuildConfig
com.example.mapapp.MainActivity$special$$inlined$viewModels$default$1
com.example.mapapp.R$color:
    public static int black
    public static int purple_200
    public static int purple_500
    public static int purple_700
    public static int teal_200
    public static int teal_700
    public static int white
    private void <init>()
com.example.mapapp.R$drawable:
    public static int ic_arrow_down_bubble
    public static int ic_bus
    public static int ic_bus_rect
    public static int ic_my_location
    public static int ic_red_dot
    public static int ic_theme
    private void <init>()
com.example.mapapp.R$id:
    public static int bus_info_bubble
    private void <init>()
com.example.mapapp.R$layout:
    public static int layout_bus_info_bubble
    private void <init>()
com.example.mapapp.R$style
com.example.mapapp.R
com.example.mapapp.databinding.ActivityMainBinding:
    public synthetic bridge android.view.View getRoot()
com.example.mapapp.databinding.DialogSearchBinding
com.example.mapapp.databinding.ItemScheduleBinding
com.example.mapapp.databinding.ItemSearchRouteBinding
com.example.mapapp.databinding.LayoutBusInfoBubbleBinding:
    public synthetic bridge android.view.View getRoot()
    public static com.example.mapapp.databinding.LayoutBusInfoBubbleBinding inflate(android.view.LayoutInflater)
    public static com.example.mapapp.databinding.LayoutBusInfoBubbleBinding inflate(android.view.LayoutInflater,android.view.ViewGroup,boolean)
com.example.mapapp.ui.MapManager:
    public static final java.lang.String BUS_BEARING_ICON_ID
    public static final java.lang.String BUS_BEARING_LAYER_ID
    public static final java.lang.String BUS_CLUSTER_COUNT_LAYER_ID
    public static final java.lang.String BUS_CLUSTER_LAYER_ID
    public static final java.lang.String BUS_FLAT_BEARING_LAYER_ID
    public static final java.lang.String BUS_FLAT_LAYER_DOT_ID
    public static final java.lang.String BUS_FLAT_LAYER_LABEL_ID
    public static final java.lang.String BUS_ICON_ID
    public static final java.lang.String BUS_LAYER_DOT_ID
    public static final java.lang.String BUS_LAYER_LABEL_ID
    public static final java.lang.String BUS_SOURCE_FLAT_ID
    public static final java.lang.String BUS_SOURCE_ID
    public static final java.lang.String HIGHLIGHTED_ROUTE_LAYER_ID
    public static final java.lang.String HIGHLIGHTED_ROUTE_SOURCE_ID
    public static final java.lang.String SELECTED_STOP_LAYER_ID
    public static final java.lang.String SELECTED_STOP_SOURCE_ID
    public static final java.lang.String STOP_ICON_ID
    public static final java.lang.String STOP_LAYER_ID
    public static final java.lang.String STOP_SOURCE_ID
    private final int getStrokeColor()
    private final int getTextColor()
    public static synthetic void updateBuses$default(com.example.mapapp.ui.MapManager,com.google.transit.realtime.GtfsRealtime$FeedMessage,java.util.Set,java.util.Map,int,java.lang.Object)
com.example.mapapp.MainActivity$$InternalSyntheticLambda$1$9905b761017870e05f5de90596c59d96fc9f9fa7105282d3a2972236e6d7c7c6$0
com.example.mapapp.MainActivity$$InternalSyntheticLambda$1$b688863525616bab5062e855440b4cf7878173129d87733d708536a45c15cdf1$2
com.example.mapapp.MainActivity$$InternalSyntheticLambda$1$b688863525616bab5062e855440b4cf7878173129d87733d708536a45c15cdf1$3
com.example.mapapp.MainActivity$$InternalSyntheticLambda$1$b688863525616bab5062e855440b4cf7878173129d87733d708536a45c15cdf1$4
com.example.mapapp.MainActivity$$InternalSyntheticLambda$1$b688863525616bab5062e855440b4cf7878173129d87733d708536a45c15cdf1$6
com.example.mapapp.MainActivity$$InternalSyntheticLambda$4$ea630741f939b7fc00c431d1e1bafa5ba4de56344f5a3c1093b28340f2fe2920$0
com.example.mapapp.MainActivity$loadStyle$1$1:
    public static androidx.lifecycle.ViewModelProvider$Factory invoke()
    public final void invoke()
...
androidx.constraintlayout.motion.widget.DesignTool
androidx.constraintlayout.motion.widget.FloatLayout
androidx.constraintlayout.motion.widget.Key
androidx.constraintlayout.motion.widget.KeyAttributes$Loader
androidx.constraintlayout.motion.widget.KeyAttributes
androidx.constraintlayout.motion.widget.KeyCycle$Loader
androidx.constraintlayout.motion.widget.KeyCycle
androidx.constraintlayout.motion.widget.KeyFrames
androidx.constraintlayout.motion.widget.KeyPosition$Loader
androidx.constraintlayout.motion.widget.KeyPosition
androidx.constraintlayout.motion.widget.KeyPositionBase
androidx.constraintlayout.motion.widget.KeyTimeCycle$Loader
androidx.constraintlayout.motion.widget.KeyTimeCycle
androidx.constraintlayout.motion.widget.KeyTrigger$Loader
androidx.constraintlayout.motion.widget.KeyTrigger
androidx.constraintlayout.motion.widget.MotionConstrainedPoint
androidx.constraintlayout.motion.widget.MotionController$1
androidx.constraintlayout.motion.widget.MotionController
androidx.constraintlayout.motion.widget.MotionHelper
androidx.constraintlayout.motion.widget.MotionHelperInterface
androidx.constraintlayout.motion.widget.MotionInterpolator
androidx.constraintlayout.motion.widget.MotionLayout$1
androidx.constraintlayout.motion.widget.MotionLayout$2
androidx.constraintlayout.motion.widget.MotionLayout$3
androidx.constraintlayout.motion.widget.MotionLayout$4
androidx.constraintlayout.motion.widget.MotionLayout$5
androidx.constraintlayout.motion.widget.MotionLayout$DecelerateInterpolator
androidx.constraintlayout.motion.widget.MotionLayout$DevModeDraw
androidx.constraintlayout.motion.widget.MotionLayout$Model
androidx.constraintlayout.motion.widget.MotionLayout$MotionTracker
androidx.constraintlayout.motion.widget.MotionLayout$MyTracker
androidx.constraintlayout.motion.widget.MotionLayout$StateCache
androidx.constraintlayout.motion.widget.MotionLayout$TransitionListener
androidx.constraintlayout.motion.widget.MotionLayout$TransitionState
androidx.constraintlayout.motion.widget.MotionLayout:
    private static final boolean DEBUG
    public static final int DEBUG_SHOW_NONE
    public static final int DEBUG_SHOW_PATH
    public static final int DEBUG_SHOW_PROGRESS
    private static final float EPSILON
    static final int MAX_KEY_FRAMES
    static final java.lang.String TAG
    public static final int TOUCH_UP_COMPLETE
    public static final int TOUCH_UP_COMPLETE_TO_END
    public static final int TOUCH_UP_COMPLETE_TO_START
    public static final int TOUCH_UP_DECELERATE
    public static final int TOUCH_UP_DECELERATE_AND_COMPLETE
    public static final int TOUCH_UP_NEVER_TO_END
    public static final int TOUCH_UP_NEVER_TO_START
    public static final int TOUCH_UP_STOP
    public static final int VELOCITY_LAYOUT
    public static final int VELOCITY_POST_LAYOUT
    public static final int VELOCITY_STATIC_LAYOUT
    public static final int VELOCITY_STATIC_POST_LAYOUT
    boolean firstDown
    private float lastPos
    private float lastY
    private long mAnimationStartTime
    private int mBeginState
    private android.graphics.RectF mBoundsCheck
    int mCurrentState
    int mDebugPath
    private androidx.constraintlayout.motion.widget.MotionLayout$DecelerateInterpolator mDecelerateLogic
    private java.util.ArrayList mDecoratorsHelpers
    private boolean mDelayedApply
    private androidx.constraintlayout.motion.widget.DesignTool mDesignTool
androidx.constraintlayout.motion.widget.MotionPaths
androidx.constraintlayout.motion.widget.MotionScene$1
androidx.constraintlayout.motion.widget.MotionScene$Transition$TransitionOnClick
androidx.constraintlayout.motion.widget.MotionScene$Transition
androidx.constraintlayout.motion.widget.MotionScene
androidx.constraintlayout.motion.widget.OnSwipe
androidx.constraintlayout.motion.widget.ProxyInterface
androidx.constraintlayout.motion.widget.TouchResponse$1
androidx.constraintlayout.motion.widget.TouchResponse$2
androidx.constraintlayout.motion.widget.TouchResponse